<?xml version="1.0" encoding="UTF-8"?>
<!-- Generated by org.testng.reporters.JUnitReportReporter -->
<testsuite hostname="Vijay" failures="0" tests="6" name="pod1.DynamicJson" time="2.611" errors="0" timestamp="2023-05-05T02:47:45 IST" skipped="2">
  <testcase classname="pod1.DynamicJson" name="addBookDynamic" time="0.117"/>
  <system-out/>
  <testcase classname="pod1.DynamicJson" name="addBookDynamic" time="0.123"/>
  <system-out/>
  <testcase classname="pod1.DynamicJson" name="addBookDynamic" time="2.252"/>
  <system-out/>
  <testcase classname="pod1.DynamicJson" name="addBookDynamic" time="0.119"/>
  <system-out/>
  <testcase classname="pod1.DynamicJson" name="addBookDynamic">
    <skipped/>
  </testcase> <!-- addBookDynamic -->
  <system-out/>
  <testcase classname="pod1.DynamicJson" name="addBook">
    <skipped/>
  </testcase> <!-- addBook -->
  <system-out/>
</testsuite> <!-- pod1.DynamicJson -->
