<?xml version="1.0" encoding="UTF-8"?>
<!-- Generated by org.testng.reporters.JUnitReportReporter -->
<testsuite hostname="Vijay" failures="0" tests="1" name="pod1.SumValidation" time="4.822" errors="0" timestamp="2023-05-05T00:15:04 IST" skipped="0">
  <testcase classname="pod1.SumValidation" name="sumOfCourses" time="4.822"/>
  <system-out/>
</testsuite> <!-- pod1.SumValidation -->
