<?xml version="1.0" encoding="UTF-8"?>
<!-- Generated by org.testng.reporters.JUnitReportReporter -->
<testsuite hostname="Vijay" failures="0" tests="1" name="com.qa.testng.listeners.ExtentReportDemo" time="0.666" errors="0" timestamp="2023-07-21T04:01:10 IST" skipped="0">
  <testcase classname="com.qa.testng.listeners.ExtentReportDemo" name="extentReport" time="0.666"/>
  <system-out/>
</testsuite> <!-- com.qa.testng.listeners.ExtentReportDemo -->
