<?xml version="1.0" encoding="UTF-8"?>
<!-- Generated by org.testng.reporters.JUnitReportReporter -->
<testsuite hostname="Vijay" failures="0" tests="1" name="a_pack.TestStream1" time="0.010" errors="0" timestamp="2023-07-10T03:57:25 IST" skipped="0">
  <testcase classname="a_pack.TestStream1" name="StreamCollect" time="0.010"/>
  <system-out/>
</testsuite> <!-- a_pack.TestStream1 -->
