<?xml version="1.0" encoding="UTF-8"?>
<!-- Generated by org.testng.reporters.JUnitReportReporter -->
<testsuite hostname="Vijay" failures="0" tests="4" name="com.app.qa.org.DemoCmd1" time="0.017" errors="0" timestamp="2023-07-24T01:37:30 IST" skipped="0">
  <testcase classname="com.app.qa.org.DemoCmd1" name="TestCase4" time="0.002"/>
  <system-out/>
  <testcase classname="com.app.qa.org.DemoCmd1" name="TestCase3" time="0.001"/>
  <system-out/>
  <testcase classname="com.app.qa.org.DemoCmd1" name="TestCase1" time="0.012"/>
  <system-out/>
  <testcase classname="com.app.qa.org.DemoCmd1" name="TestCase2" time="0.002"/>
  <system-out/>
</testsuite> <!-- com.app.qa.org.DemoCmd1 -->
