<?xml version="1.0" encoding="UTF-8"?>
<!-- Generated by org.testng.reporters.JUnitReportReporter -->
<testsuite hostname="Vijay" failures="0" tests="1" name="com.tests.Login" time="4.672" errors="0" timestamp="2023-06-05T16:22:41 IST" skipped="0">
  <testcase classname="com.tests.Login" name="testLogin" time="4.672"/>
  <system-out/>
</testsuite> <!-- com.tests.Login -->
