<?xml version="1.0" encoding="UTF-8"?>
<!-- Generated by org.testng.reporters.JUnitReportReporter -->
<testsuite hostname="Vijay" failures="0" tests="4" name="com.qa.rest.libraryAPI.DynamicJason" time="2.568" errors="0" timestamp="2023-08-06T17:44:26 IST" skipped="1">
  <testcase classname="com.qa.rest.libraryAPI.DynamicJason" name="addAuthorBookAiseList" time="2.287"/>
  <system-out/>
  <testcase classname="com.qa.rest.libraryAPI.DynamicJason" name="addAuthorBookAiseList" time="0.146"/>
  <system-out/>
  <testcase classname="com.qa.rest.libraryAPI.DynamicJason" name="addAuthorBookAiseList" time="0.135"/>
  <system-out/>
  <testcase classname="com.qa.rest.libraryAPI.DynamicJason" name="addBook">
    <skipped/>
  </testcase> <!-- addBook -->
  <system-out/>
</testsuite> <!-- com.qa.rest.libraryAPI.DynamicJason -->
