<?xml version="1.0" encoding="UTF-8"?>
<!-- Generated by org.testng.reporters.JUnitReportReporter -->
<testsuite hostname="Vijay" failures="0" tests="2" name="com.qa.rest.testNg.SumValidation" time="1.526" errors="0" timestamp="2023-08-21T12:59:33 IST" skipped="0">
  <testcase classname="com.qa.rest.testNg.SumValidation" name="sumOfCourses" time="0.125"/>
  <system-out/>
  <testcase classname="com.qa.rest.testNg.SumValidation" name="getCopies" time="1.401"/>
  <system-out/>
</testsuite> <!-- com.qa.rest.testNg.SumValidation -->
