<?xml version="1.0" encoding="UTF-8"?>
<!-- Generated by org.testng.reporters.JUnitReportReporter -->
<testsuite hostname="Vijay" failures="0" tests="1" name="com.qa.rest.libraryAPI.StaticJsonFromJsonFile" time="2.361" errors="0" timestamp="2023-08-06T18:13:44 IST" skipped="0">
  <testcase classname="com.qa.rest.libraryAPI.StaticJsonFromJsonFile" name="addGoolgePlace" time="2.361"/>
  <system-out/>
</testsuite> <!-- com.qa.rest.libraryAPI.StaticJsonFromJsonFile -->
